<?xml version="1.0" encoding="UTF-8"?>
<testng-results ignored="0" total="1" passed="1" failed="0" skipped="0">
  <reporter-output>
  </reporter-output>
  <suite started-at="2025-07-03T18:28:36 IST" name="Default suite" finished-at="2025-07-03T18:28:44 IST" duration-ms="8168">
    <groups>
    </groups>
    <test started-at="2025-07-03T18:28:36 IST" name="Default test" finished-at="2025-07-03T18:28:44 IST" duration-ms="8168">
      <class name="TutorialsNinja.Register.TC_RF_001">
        <test-method signature="verifyRegisterMandatoryFields()[pri:0, instance:TutorialsNinja.Register.TC_RF_001@7e6f74c]" started-at="2025-07-03T18:28:36 IST" name="verifyRegisterMandatoryFields" finished-at="2025-07-03T18:28:44 IST" duration-ms="8102" status="PASS">
          <reporter-output>
          </reporter-output>
        </test-method> <!-- verifyRegisterMandatoryFields -->
      </class> <!-- TutorialsNinja.Register.TC_RF_001 -->
    </test> <!-- Default test -->
  </suite> <!-- Default suite -->
</testng-results>
